  audio.c
c:\users\slavk\source\repos\2dgame\2dgame\audio.c(7): warning C4013: 'srand' undefined; assuming extern returning int
c:\users\slavk\source\repos\2dgame\2dgame\audio.c(9): warning C4013: 'rand' undefined; assuming extern returning int
c:\users\slavk\source\repos\2dgame\2dgame\audio.c(11): warning C4133: 'function': incompatible types - from 'Mix_Music *' to 'Mix_Chunk *'
c:\users\slavk\source\repos\2dgame\2dgame\audio.c(14): warning C4133: 'function': incompatible types - from 'Mix_Music *' to 'Mix_Chunk *'
c:\users\slavk\source\repos\2dgame\2dgame\audio.c(17): warning C4133: 'function': incompatible types - from 'Mix_Music *' to 'Mix_Chunk *'
c:\users\slavk\source\repos\2dgame\2dgame\audio.c(20): warning C4133: 'function': incompatible types - from 'Mix_Music *' to 'Mix_Chunk *'
  pong.c
c:\users\slavk\source\repos\2dgame\2dgame\pong.c(31): warning C4244: 'initializing': conversion from 'unsigned __int64' to 'int', possible loss of data
c:\users\slavk\source\repos\2dgame\2dgame\pong.c(226): warning C4013: 'draw_timer' undefined; assuming extern returning int
  draw.c
  init.c
c:\users\slavk\source\repos\2dgame\2dgame\init.c(28): warning C4047: 'function': 'Uint32' differs in levels of indirection from 'void *'
c:\users\slavk\source\repos\2dgame\2dgame\init.c(28): warning C4024: 'SDL_ShowSimpleMessageBox': different types for formal and actual parameter 1
c:\users\slavk\source\repos\2dgame\2dgame\init.c(28): warning C4090: 'function': different 'const' qualifiers
c:\users\slavk\source\repos\2dgame\2dgame\init.c(34): warning C4047: 'function': 'Uint32' differs in levels of indirection from 'void *'
c:\users\slavk\source\repos\2dgame\2dgame\init.c(34): warning C4024: 'SDL_ShowSimpleMessageBox': different types for formal and actual parameter 1
c:\users\slavk\source\repos\2dgame\2dgame\init.c(34): warning C4090: 'function': different 'const' qualifiers
c:\users\slavk\source\repos\2dgame\2dgame\init.c(40): warning C4047: 'function': 'Uint32' differs in levels of indirection from 'void *'
c:\users\slavk\source\repos\2dgame\2dgame\init.c(40): warning C4024: 'SDL_ShowSimpleMessageBox': different types for formal and actual parameter 1
c:\users\slavk\source\repos\2dgame\2dgame\init.c(40): warning C4090: 'function': different 'const' qualifiers
c:\users\slavk\source\repos\2dgame\2dgame\init.c(61): warning C4047: 'function': 'Uint32' differs in levels of indirection from 'void *'
c:\users\slavk\source\repos\2dgame\2dgame\init.c(61): warning C4024: 'SDL_ShowSimpleMessageBox': different types for formal and actual parameter 1
c:\users\slavk\source\repos\2dgame\2dgame\init.c(61): warning C4090: 'function': different 'const' qualifiers
c:\users\slavk\source\repos\2dgame\2dgame\init.c(69): warning C4047: 'function': 'Uint32' differs in levels of indirection from 'void *'
c:\users\slavk\source\repos\2dgame\2dgame\init.c(69): warning C4024: 'SDL_ShowSimpleMessageBox': different types for formal and actual parameter 1
c:\users\slavk\source\repos\2dgame\2dgame\init.c(69): warning C4090: 'function': different 'const' qualifiers
c:\users\slavk\source\repos\2dgame\2dgame\init.c(76): warning C4047: 'function': 'Uint32' differs in levels of indirection from 'void *'
c:\users\slavk\source\repos\2dgame\2dgame\init.c(76): warning C4024: 'SDL_ShowSimpleMessageBox': different types for formal and actual parameter 1
c:\users\slavk\source\repos\2dgame\2dgame\init.c(76): warning C4090: 'function': different 'const' qualifiers
c:\users\slavk\source\repos\2dgame\2dgame\init.c(83): warning C4047: 'function': 'Uint32' differs in levels of indirection from 'void *'
c:\users\slavk\source\repos\2dgame\2dgame\init.c(83): warning C4024: 'SDL_ShowSimpleMessageBox': different types for formal and actual parameter 1
c:\users\slavk\source\repos\2dgame\2dgame\init.c(83): warning C4090: 'function': different 'const' qualifiers
c:\users\slavk\source\repos\2dgame\2dgame\init.c(90): warning C4047: 'function': 'Uint32' differs in levels of indirection from 'void *'
c:\users\slavk\source\repos\2dgame\2dgame\init.c(90): warning C4024: 'SDL_ShowSimpleMessageBox': different types for formal and actual parameter 1
c:\users\slavk\source\repos\2dgame\2dgame\init.c(90): warning C4090: 'function': different 'const' qualifiers
c:\users\slavk\source\repos\2dgame\2dgame\init.c(97): warning C4047: 'function': 'Uint32' differs in levels of indirection from 'void *'
c:\users\slavk\source\repos\2dgame\2dgame\init.c(97): warning C4024: 'SDL_ShowSimpleMessageBox': different types for formal and actual parameter 1
c:\users\slavk\source\repos\2dgame\2dgame\init.c(97): warning C4090: 'function': different 'const' qualifiers
c:\users\slavk\source\repos\2dgame\2dgame\init.c(103): warning C4047: 'function': 'Uint32' differs in levels of indirection from 'void *'
c:\users\slavk\source\repos\2dgame\2dgame\init.c(103): warning C4024: 'SDL_ShowSimpleMessageBox': different types for formal and actual parameter 1
c:\users\slavk\source\repos\2dgame\2dgame\init.c(103): warning C4090: 'function': different 'const' qualifiers
c:\users\slavk\source\repos\2dgame\2dgame\init.c(109): warning C4047: 'function': 'Uint32' differs in levels of indirection from 'void *'
c:\users\slavk\source\repos\2dgame\2dgame\init.c(109): warning C4024: 'SDL_ShowSimpleMessageBox': different types for formal and actual parameter 1
c:\users\slavk\source\repos\2dgame\2dgame\init.c(109): warning C4090: 'function': different 'const' qualifiers
c:\users\slavk\source\repos\2dgame\2dgame\init.c(113): warning C4133: '=': incompatible types - from 'Mix_Chunk *' to 'Mix_Music *'
c:\users\slavk\source\repos\2dgame\2dgame\init.c(115): warning C4047: 'function': 'Uint32' differs in levels of indirection from 'void *'
c:\users\slavk\source\repos\2dgame\2dgame\init.c(115): warning C4024: 'SDL_ShowSimpleMessageBox': different types for formal and actual parameter 1
c:\users\slavk\source\repos\2dgame\2dgame\init.c(115): warning C4090: 'function': different 'const' qualifiers
c:\users\slavk\source\repos\2dgame\2dgame\init.c(119): warning C4133: '=': incompatible types - from 'Mix_Chunk *' to 'Mix_Music *'
c:\users\slavk\source\repos\2dgame\2dgame\init.c(121): warning C4047: 'function': 'Uint32' differs in levels of indirection from 'void *'
c:\users\slavk\source\repos\2dgame\2dgame\init.c(121): warning C4024: 'SDL_ShowSimpleMessageBox': different types for formal and actual parameter 1
c:\users\slavk\source\repos\2dgame\2dgame\init.c(121): warning C4090: 'function': different 'const' qualifiers
c:\users\slavk\source\repos\2dgame\2dgame\init.c(125): warning C4133: '=': incompatible types - from 'Mix_Chunk *' to 'Mix_Music *'
c:\users\slavk\source\repos\2dgame\2dgame\init.c(127): warning C4047: 'function': 'Uint32' differs in levels of indirection from 'void *'
c:\users\slavk\source\repos\2dgame\2dgame\init.c(127): warning C4024: 'SDL_ShowSimpleMessageBox': different types for formal and actual parameter 1
c:\users\slavk\source\repos\2dgame\2dgame\init.c(127): warning C4090: 'function': different 'const' qualifiers
c:\users\slavk\source\repos\2dgame\2dgame\init.c(134): warning C4477: 'snprintf' : format string '%.2d' requires an argument of type 'int', but variadic argument 1 has type 'void *'
c:\users\slavk\source\repos\2dgame\2dgame\init.c(134): warning C4313: 'snprintf': '%d' in format string conflicts with argument 1 of type 'void *'
c:\users\slavk\source\repos\2dgame\2dgame\init.c(134): warning C4473: 'snprintf' : not enough arguments passed for format string
  c:\users\slavk\source\repos\2dgame\2dgame\init.c(134): note: placeholders and their parameters expect 2 variadic arguments, but 1 were provided
  c:\users\slavk\source\repos\2dgame\2dgame\init.c(134): note: the missing variadic argument 2 is required by format string '%.2d'
  move.c
c:\users\slavk\source\repos\2dgame\2dgame\move.c(14): warning C4013: 'init_game' undefined; assuming extern returning int
c:\users\slavk\source\repos\2dgame\2dgame\move.c(25): warning C4133: 'function': incompatible types - from 'Mix_Music *' to 'Mix_Chunk *'
c:\users\slavk\source\repos\2dgame\2dgame\move.c(35): warning C4013: 'check_collision' undefined; assuming extern returning int
  Generating code
  All 25 functions were compiled because no usable IPDB/IOBJ from previous compilation was found.
  Finished generating code
  2DGame.vcxproj -> C:\Users\slavk\source\repos\2DGame\x64\Release\2DGame.exe
